# JRE version: Java(TM) SE Runtime Environment (8.0_251-b08) (build 1.8.0_251-b08)
# Java VM: Java HotSpot(TM) 64-Bit Server VM (25.251-b08 mixed mode windows-amd64 compressed oops)
Heap:
 PSYoungGen      total 158720K, used 11731K [0x0000000780000000, 0x000000078d800000, 0x00000007c0000000)
  eden space 146944K, 7% used [0x0000000780000000,0x0000000780b74fd8,0x0000000788f80000)
  from space 11776K, 0% used [0x0000000789b00000,0x0000000789b00000,0x000000078a680000)
  to   space 11776K, 0% used [0x0000000788f80000,0x0000000788f80000,0x0000000789b00000)
 ParOldGen       total 168960K, used 13948K [0x0000000700000000, 0x000000070a500000, 0x0000000780000000)
  object space 168960K, 8% used [0x0000000700000000,0x0000000700d9f348,0x000000070a500000)
 Metaspace       used 35845K, capacity 36360K, committed 36784K, reserved 1081344K
  class space    used 4926K, capacity 5168K, committed 5296K, reserved 1048576K
GC Heap History (10 events):
Event: 2.077 GC heap before
{Heap before GC invocations=4 (full 1):
 PSYoungGen      total 76288K, used 9536K [0x0000000780000000, 0x0000000789500000, 0x00000007c0000000)
  eden space 65536K, 0% used [0x0000000780000000,0x0000000780000000,0x0000000784000000)
  from space 10752K, 88% used [0x0000000784000000,0x0000000784950178,0x0000000784a80000)
  to   space 10752K, 0% used [0x0000000788a80000,0x0000000788a80000,0x0000000789500000)
 ParOldGen       total 175104K, used 199K [0x0000000700000000, 0x000000070ab00000, 0x0000000780000000)
  object space 175104K, 0% used [0x0000000700000000,0x0000000700031d10,0x000000070ab00000)
 Metaspace       used 20834K, capacity 21178K, committed 21296K, reserved 1067008K
  class space    used 2984K, capacity 3103K, committed 3120K, reserved 1048576K
Event: 2.103 GC heap after
Heap after GC invocations=4 (full 1):
 PSYoungGen      total 76288K, used 0K [0x0000000780000000, 0x0000000789500000, 0x00000007c0000000)
  eden space 65536K, 0% used [0x0000000780000000,0x0000000780000000,0x0000000784000000)
  from space 10752K, 0% used [0x0000000784000000,0x0000000784000000,0x0000000784a80000)
  to   space 10752K, 0% used [0x0000000788a80000,0x0000000788a80000,0x0000000789500000)
 ParOldGen       total 108032K, used 9182K [0x0000000700000000, 0x0000000706980000, 0x0000000780000000)
  object space 108032K, 8% used [0x0000000700000000,0x00000007008f7958,0x0000000706980000)
 Metaspace       used 20834K, capacity 21178K, committed 21296K, reserved 1067008K
  class space    used 2984K, capacity 3103K, committed 3120K, reserved 1048576K
}
Event: 2.661 GC heap before
{Heap before GC invocations=5 (full 1):
 PSYoungGen      total 76288K, used 65536K [0x0000000780000000, 0x0000000789500000, 0x00000007c0000000)
  eden space 65536K, 100% used [0x0000000780000000,0x0000000784000000,0x0000000784000000)
  from space 10752K, 0% used [0x0000000784000000,0x0000000784000000,0x0000000784a80000)
  to   space 10752K, 0% used [0x0000000788a80000,0x0000000788a80000,0x0000000789500000)
 ParOldGen       total 108032K, used 9182K [0x0000000700000000, 0x0000000706980000, 0x0000000780000000)
  object space 108032K, 8% used [0x0000000700000000,0x00000007008f7958,0x0000000706980000)
 Metaspace       used 28117K, capacity 28470K, committed 28720K, reserved 1073152K
  class space    used 3900K, capacity 4078K, committed 4144K, reserved 1048576K
Event: 2.667 GC heap after
Heap after GC invocations=5 (full 1):
 PSYoungGen      total 107008K, used 8229K [0x0000000780000000, 0x0000000789300000, 0x00000007c0000000)
  eden space 98304K, 0% used [0x0000000780000000,0x0000000780000000,0x0000000786000000)
  from space 8704K, 94% used [0x0000000788a80000,0x0000000789289518,0x0000000789300000)
  to   space 10752K, 0% used [0x0000000787e00000,0x0000000787e00000,0x0000000788880000)
 ParOldGen       total 108032K, used 9190K [0x0000000700000000, 0x0000000706980000, 0x0000000780000000)
  object space 108032K, 8% used [0x0000000700000000,0x00000007008f9958,0x0000000706980000)
 Metaspace       used 28117K, capacity 28470K, committed 28720K, reserved 1073152K
  class space    used 3900K, capacity 4078K, committed 4144K, reserved 1048576K
}
Event: 3.251 GC heap before
{Heap before GC invocations=6 (full 1):
 PSYoungGen      total 107008K, used 106533K [0x0000000780000000, 0x0000000789300000, 0x00000007c0000000)
  eden space 98304K, 100% used [0x0000000780000000,0x0000000786000000,0x0000000786000000)
  from space 8704K, 94% used [0x0000000788a80000,0x0000000789289518,0x0000000789300000)
  to   space 10752K, 0% used [0x0000000787e00000,0x0000000787e00000,0x0000000788880000)
 ParOldGen       total 108032K, used 9190K [0x0000000700000000, 0x0000000706980000, 0x0000000780000000)
  object space 108032K, 8% used [0x0000000700000000,0x00000007008f9958,0x0000000706980000)
 Metaspace       used 32843K, capacity 33288K, committed 33584K, reserved 1077248K
  class space    used 4606K, capacity 4830K, committed 4912K, reserved 1048576K
Event: 3.258 GC heap after
Heap after GC invocations=6 (full 1):
 PSYoungGen      total 139776K, used 9879K [0x0000000780000000, 0x000000078a680000, 0x00000007c0000000)
  eden space 129024K, 0% used [0x0000000780000000,0x0000000780000000,0x0000000787e00000)
  from space 10752K, 91% used [0x0000000787e00000,0x00000007887a5ec8,0x0000000788880000)
  to   space 11776K, 0% used [0x0000000789b00000,0x0000000789b00000,0x000000078a680000)
 ParOldGen       total 108032K, used 9198K [0x0000000700000000, 0x0000000706980000, 0x0000000780000000)
  object space 108032K, 8% used [0x0000000700000000,0x00000007008fb958,0x0000000706980000)
 Metaspace       used 32843K, capacity 33288K, committed 33584K, reserved 1077248K
  class space    used 4606K, capacity 4830K, committed 4912K, reserved 1048576K
}
Event: 3.489 GC heap before
{Heap before GC invocations=7 (full 1):
 PSYoungGen      total 139776K, used 27053K [0x0000000780000000, 0x000000078a680000, 0x00000007c0000000)
  eden space 129024K, 13% used [0x0000000780000000,0x00000007810c5538,0x0000000787e00000)
  from space 10752K, 91% used [0x0000000787e00000,0x00000007887a5ec8,0x0000000788880000)
  to   space 11776K, 0% used [0x0000000789b00000,0x0000000789b00000,0x000000078a680000)
 ParOldGen       total 108032K, used 9198K [0x0000000700000000, 0x0000000706980000, 0x0000000780000000)
  object space 108032K, 8% used [0x0000000700000000,0x00000007008fb958,0x0000000706980000)
 Metaspace       used 34629K, capacity 35132K, committed 35496K, reserved 1079296K
  class space    used 4811K, capacity 5042K, committed 5168K, reserved 1048576K
Event: 3.494 GC heap after
Heap after GC invocations=7 (full 1):
 PSYoungGen      total 158720K, used 7416K [0x0000000780000000, 0x000000078d800000, 0x00000007c0000000)
  eden space 146944K, 0% used [0x0000000780000000,0x0000000780000000,0x0000000788f80000)
  from space 11776K, 62% used [0x0000000789b00000,0x000000078a23e3e8,0x000000078a680000)
  to   space 11776K, 0% used [0x0000000788f80000,0x0000000788f80000,0x0000000789b00000)
 ParOldGen       total 108032K, used 9206K [0x0000000700000000, 0x0000000706980000, 0x0000000780000000)
  object space 108032K, 8% used [0x0000000700000000,0x00000007008fd958,0x0000000706980000)
 Metaspace       used 34629K, capacity 35132K, committed 35496K, reserved 1079296K
  class space    used 4811K, capacity 5042K, committed 5168K, reserved 1048576K
}
Event: 3.494 GC heap before
{Heap before GC invocations=8 (full 2):
 PSYoungGen      total 158720K, used 7416K [0x0000000780000000, 0x000000078d800000, 0x00000007c0000000)
  eden space 146944K, 0% used [0x0000000780000000,0x0000000780000000,0x0000000788f80000)
  from space 11776K, 62% used [0x0000000789b00000,0x000000078a23e3e8,0x000000078a680000)
  to   space 11776K, 0% used [0x0000000788f80000,0x0000000788f80000,0x0000000789b00000)
 ParOldGen       total 108032K, used 9206K [0x0000000700000000, 0x0000000706980000, 0x0000000780000000)
  object space 108032K, 8% used [0x0000000700000000,0x00000007008fd958,0x0000000706980000)
 Metaspace       used 34629K, capacity 35132K, committed 35496K, reserved 1079296K
  class space    used 4811K, capacity 5042K, committed 5168K, reserved 1048576K
Event: 3.528 GC heap after
Heap after GC invocations=8 (full 2):
 PSYoungGen      total 158720K, used 0K [0x0000000780000000, 0x000000078d800000, 0x00000007c0000000)
  eden space 146944K, 0% used [0x0000000780000000,0x0000000780000000,0x0000000788f80000)
  from space 11776K, 0% used [0x0000000789b00000,0x0000000789b00000,0x000000078a680000)
  to   space 11776K, 0% used [0x0000000788f80000,0x0000000788f80000,0x0000000789b00000)
 ParOldGen       total 168960K, used 13948K [0x0000000700000000, 0x000000070a500000, 0x0000000780000000)
  object space 168960K, 8% used [0x0000000700000000,0x0000000700d9f348,0x000000070a500000)
 Metaspace       used 34525K, capacity 34956K, committed 35496K, reserved 1079296K
  class space    used 4777K, capacity 4962K, committed 5168K, reserved 1048576K
}

